<?xml version="1.0" encoding="UTF-8"?>
<coverage generated="1703118556973" clover="3.2.0">
  <project timestamp="1703118556973" name="All files">
    <metrics statements="16" coveredstatements="16" conditionals="5" coveredconditionals="5" methods="5" coveredmethods="5" elements="26" coveredelements="26" complexity="0" loc="16" ncloc="16" packages="1" files="2" classes="2"/>
    <file name="daycount.js" path="/Users/hayeong/Desktop/EPICODUS/In-class Practice/Intermediate JS/js-date-obj/src/js/daycount.js">
      <metrics statements="7" coveredstatements="7" conditionals="0" coveredconditionals="0" methods="2" coveredmethods="2"/>
      <line num="3" count="1" type="stmt"/>
      <line num="6" count="1" type="stmt"/>
      <line num="7" count="1" type="stmt"/>
      <line num="8" count="1" type="stmt"/>
      <line num="9" count="1" type="stmt"/>
      <line num="11" count="1" type="stmt"/>
      <line num="13" count="1" type="stmt"/>
    </file>
    <file name="weekday.js" path="/Users/hayeong/Desktop/EPICODUS/In-class Practice/Intermediate JS/js-date-obj/src/js/weekday.js">
      <metrics statements="9" coveredstatements="9" conditionals="5" coveredconditionals="5" methods="3" coveredmethods="3"/>
      <line num="3" count="2" type="stmt"/>
      <line num="15" count="2" type="stmt"/>
      <line num="16" count="2" type="stmt"/>
      <line num="27" count="2" type="cond" truecount="2" falsecount="0"/>
      <line num="28" count="1" type="stmt"/>
      <line num="31" count="1" type="stmt"/>
      <line num="35" count="1" type="stmt"/>
      <line num="36" count="1" type="stmt"/>
      <line num="38" count="2" type="stmt"/>
    </file>
  </project>
</coverage>
