{"/Users/hayeong/Desktop/EPICODUS/In-class Practice/Intermediate JS/js-date-obj/src/js/weekday.js": {"path":"/Users/hayeong/Desktop/EPICODUS/In-class Practice/Intermediate JS/js-date-obj/src/js/weekday.js","statementMap":{"0":{"start":{"line":3,"column":8},"end":{"line":11,"column":10}},"1":{"start":{"line":15,"column":27},"end":{"line":15,"column":57}},"2":{"start":{"line":16,"column":8},"end":{"line":21,"column":10}},"3":{"start":{"line":27,"column":8},"end":{"line":37,"column":9}},"4":{"start":{"line":28,"column":12},"end":{"line":28,"column":54}},"5":{"start":{"line":31,"column":31},"end":{"line":31,"column":61}},"6":{"start":{"line":35,"column":30},"end":{"line":35,"column":66}},"7":{"start":{"line":36,"column":12},"end":{"line":36,"column":31}},"8":{"start":{"line":38,"column":8},"end":{"line":38,"column":22}}},"fnMap":{"0":{"name":"(anonymous_0)","decl":{"start":{"line":2,"column":4},"end":{"line":2,"column":5}},"loc":{"start":{"line":2,"column":18},"end":{"line":12,"column":5}},"line":2},"1":{"name":"(anonymous_1)","decl":{"start":{"line":14,"column":4},"end":{"line":14,"column":5}},"loc":{"start":{"line":14,"column":34},"end":{"line":22,"column":5}},"line":14},"2":{"name":"(anonymous_2)","decl":{"start":{"line":24,"column":4},"end":{"line":24,"column":5}},"loc":{"start":{"line":24,"column":32},"end":{"line":39,"column":5}},"line":24}},"branchMap":{"0":{"loc":{"start":{"line":18,"column":12},"end":{"line":20,"column":40}},"type":"binary-expr","locations":[{"start":{"line":18,"column":12},"end":{"line":18,"column":45}},{"start":{"line":19,"column":12},"end":{"line":19,"column":47}},{"start":{"line":20,"column":12},"end":{"line":20,"column":40}}],"line":18},"1":{"loc":{"start":{"line":27,"column":8},"end":{"line":37,"column":9}},"type":"if","locations":[{"start":{"line":27,"column":8},"end":{"line":37,"column":9}},{"start":{"line":27,"column":8},"end":{"line":37,"column":9}}],"line":27}},"s":{"0":2,"1":2,"2":2,"3":2,"4":1,"5":1,"6":1,"7":1,"8":2},"f":{"0":2,"1":2,"2":2},"b":{"0":[2,2,1],"1":[1,1]},"_coverageSchema":"43e27e138ebf9cfc5966b082cf9a028302ed4184","hash":"6c4fb8b998c12502330d7c275cba765b3ec07ea2"}
}
