TN:
SF:/Users/hayeong/Desktop/EPICODUS/In-class Practice/Intermediate JS/js-date-obj/src/js/daycount.js
FN:2,(anonymous_0)
FN:5,(anonymous_1)
FNF:2
FNH:2
FNDA:1,(anonymous_0)
FNDA:1,(anonymous_1)
DA:3,1
DA:6,1
DA:7,1
LF:3
LH:3
BRF:0
BRH:0
end_of_record
TN:
SF:/Users/hayeong/Desktop/EPICODUS/In-class Practice/Intermediate JS/js-date-obj/src/js/weekday.js
FN:2,(anonymous_0)
FN:14,(anonymous_1)
FN:24,(anonymous_2)
FNF:3
FNH:3
FNDA:2,(anonymous_0)
FNDA:2,(anonymous_1)
FNDA:2,(anonymous_2)
DA:3,2
DA:15,2
DA:16,2
DA:27,2
DA:28,1
DA:31,1
DA:35,1
DA:36,1
DA:38,2
LF:9
LH:9
BRDA:18,0,0,2
BRDA:18,0,1,2
BRDA:18,0,2,1
BRDA:27,1,0,1
BRDA:27,1,1,1
BRF:5
BRH:5
end_of_record
